<?xml version="1.0" encoding="UTF-8"?>
<testsuite name="com.sunflowers.ecommerce.product.service.CategoryServiceTest" tests="2" skipped="0" failures="0" errors="0" timestamp="2024-06-25T21:00:36" hostname="DESKTOP-81NQ1EO" time="0.075">
  <properties/>
  <testcase name="testCreateCategories_ValidRequest()" classname="com.sunflowers.ecommerce.product.service.CategoryServiceTest" time="0.046"/>
  <testcase name="testCreateCategories_EmptyRequest()" classname="com.sunflowers.ecommerce.product.service.CategoryServiceTest" time="0.022"/>
  <system-out><![CDATA[2024-06-25T16:00:36.328-05:00  INFO 3088 --- [ecommerce] [    Test worker] t.c.s.AnnotationConfigContextLoaderUtils : Could not detect default configuration classes for test class [com.sunflowers.ecommerce.product.service.CategoryServiceTest]: CategoryServiceTest does not declare any static, non-private, non-final, nested classes annotated with @Configuration.
2024-06-25T16:00:36.333-05:00  INFO 3088 --- [ecommerce] [    Test worker] .b.t.c.SpringBootTestContextBootstrapper : Found @SpringBootConfiguration com.sunflowers.ecommerce.EcommerceApplication for test class com.sunflowers.ecommerce.product.service.CategoryServiceTest
]]></system-out>
  <system-err><![CDATA[]]></system-err>
</testsuite>
