<?xml version="1.0" encoding="UTF-8"?>
<testsuite name="com.sunflowers.ecommerce.product.service.BannerImageServiceTest" tests="1" skipped="0" failures="0" errors="0" timestamp="2024-06-25T21:00:36" hostname="DESKTOP-81NQ1EO" time="0.276">
  <properties/>
  <testcase name="testUploadImage()" classname="com.sunflowers.ecommerce.product.service.BannerImageServiceTest" time="0.276"/>
  <system-out><![CDATA[16:00:04.551 [Test worker] INFO org.springframework.test.context.support.AnnotationConfigContextLoaderUtils -- Could not detect default configuration classes for test class [com.sunflowers.ecommerce.product.service.BannerImageServiceTest]: BannerImageServiceTest does not declare any static, non-private, non-final, nested classes annotated with @Configuration.
16:00:05.134 [Test worker] INFO org.springframework.boot.test.context.SpringBootTestContextBootstrapper -- Found @SpringBootConfiguration com.sunflowers.ecommerce.EcommerceApplication for test class com.sunflowers.ecommerce.product.service.BannerImageServiceTest
  .   ____          _            __ _ _
 /\\ / ___'_ __ _ _(_)_ __  __ _ \ \ \ \
( ( )\___ | '_ | '_| | '_ \/ _` | \ \ \ \
 \\/  ___)| |_)| | | | | || (_| |  ) ) ) )
  '  |____| .__|_| |_|_| |_\__, | / / / /
 =========|_|==============|___/=/_/_/_/

 :: Spring Boot ::                (v3.3.0)

2024-06-25T16:00:06.653-05:00  INFO 3088 --- [ecommerce] [    Test worker] c.s.e.p.service.BannerImageServiceTest   : Starting BannerImageServiceTest using Java 17.0.11 with PID 3088 (started by Pablo in C:\Users\Pablo\OneDrive - Universidad Icesi (@icesi.edu.co)\Escritorio\ENCORA\bootcamp-tech-titans-2024_ecommerce\back-end)
2024-06-25T16:00:06.658-05:00  INFO 3088 --- [ecommerce] [    Test worker] c.s.e.p.service.BannerImageServiceTest   : No active profile set, falling back to 1 default profile: "default"
2024-06-25T16:00:10.119-05:00  INFO 3088 --- [ecommerce] [    Test worker] .s.d.r.c.RepositoryConfigurationDelegate : Bootstrapping Spring Data JPA repositories in DEFAULT mode.
2024-06-25T16:00:10.416-05:00  INFO 3088 --- [ecommerce] [    Test worker] .s.d.r.c.RepositoryConfigurationDelegate : Finished Spring Data repository scanning in 271 ms. Found 8 JPA repository interfaces.
2024-06-25T16:00:12.130-05:00  INFO 3088 --- [ecommerce] [    Test worker] o.hibernate.jpa.internal.util.LogHelper  : HHH000204: Processing PersistenceUnitInfo [name: default]
2024-06-25T16:00:12.457-05:00  INFO 3088 --- [ecommerce] [    Test worker] org.hibernate.Version                    : HHH000412: Hibernate ORM core version 6.5.2.Final
2024-06-25T16:00:12.612-05:00  INFO 3088 --- [ecommerce] [    Test worker] o.h.c.internal.RegionFactoryInitiator    : HHH000026: Second-level cache disabled
2024-06-25T16:00:13.660-05:00  INFO 3088 --- [ecommerce] [    Test worker] o.s.o.j.p.SpringPersistenceUnitInfo      : No LoadTimeWeaver setup: ignoring JPA class transformer
2024-06-25T16:00:13.764-05:00  INFO 3088 --- [ecommerce] [    Test worker] com.zaxxer.hikari.HikariDataSource       : HikariPool-1 - Starting...
2024-06-25T16:00:16.038-05:00  INFO 3088 --- [ecommerce] [    Test worker] com.zaxxer.hikari.pool.HikariPool        : HikariPool-1 - Added connection org.postgresql.jdbc.PgConnection@79e488ae
2024-06-25T16:00:16.045-05:00  INFO 3088 --- [ecommerce] [    Test worker] com.zaxxer.hikari.HikariDataSource       : HikariPool-1 - Start completed.
2024-06-25T16:00:16.384-05:00  WARN 3088 --- [ecommerce] [    Test worker] org.hibernate.orm.deprecation            : HHH90000025: PostgreSQLDialect does not need to be specified explicitly using 'hibernate.dialect' (remove the property setting and it will be selected by default)
2024-06-25T16:00:20.717-05:00  INFO 3088 --- [ecommerce] [    Test worker] o.h.e.t.j.p.i.JtaPlatformInitiator       : HHH000489: No JTA platform available (set 'hibernate.transaction.jta.platform' to enable JTA platform integration)
2024-06-25T16:00:30.752-05:00  INFO 3088 --- [ecommerce] [    Test worker] j.LocalContainerEntityManagerFactoryBean : Initialized JPA EntityManagerFactory for persistence unit 'default'
2024-06-25T16:00:31.751-05:00  INFO 3088 --- [ecommerce] [    Test worker] eAuthenticationProviderManagerConfigurer : Global AuthenticationManager configured with AuthenticationProvider bean with name authenticationProvider
2024-06-25T16:00:31.752-05:00  WARN 3088 --- [ecommerce] [    Test worker] r$InitializeUserDetailsManagerConfigurer : Global AuthenticationManager configured with an AuthenticationProvider bean. UserDetailsService beans will not be used for username/password login. Consider removing the AuthenticationProvider bean. Alternatively, consider using the UserDetailsService in a manually instantiated DaoAuthenticationProvider.
2024-06-25T16:00:32.081-05:00  WARN 3088 --- [ecommerce] [    Test worker] JpaBaseConfiguration$JpaWebConfiguration : spring.jpa.open-in-view is enabled by default. Therefore, database queries may be performed during view rendering. Explicitly configure spring.jpa.open-in-view to disable this warning
2024-06-25T16:00:33.001-05:00  INFO 3088 --- [ecommerce] [    Test worker] o.s.s.web.DefaultSecurityFilterChain     : Will secure any request with [org.springframework.security.web.session.DisableEncodeUrlFilter@82a68e, org.springframework.security.web.context.request.async.WebAsyncManagerIntegrationFilter@681d122c, org.springframework.security.web.context.SecurityContextHolderFilter@5a4d52e3, org.springframework.security.web.header.HeaderWriterFilter@3d992260, org.springframework.web.filter.CorsFilter@5f3109d8, org.springframework.security.web.authentication.logout.LogoutFilter@6f3bd02, com.sunflowers.ecommerce.auth.config.JwtAuthenticationFilter@2d9e7d44, org.springframework.security.web.savedrequest.RequestCacheAwareFilter@6c9579a3, org.springframework.security.web.servletapi.SecurityContextHolderAwareRequestFilter@7bcb7846, org.springframework.security.web.authentication.AnonymousAuthenticationFilter@633e9fbc, org.springframework.security.web.session.SessionManagementFilter@531d2afd, org.springframework.security.web.access.ExceptionTranslationFilter@15642e62, org.springframework.security.web.access.intercept.AuthorizationFilter@2ea8cbf1]
2024-06-25T16:00:34.697-05:00  INFO 3088 --- [ecommerce] [    Test worker] c.s.e.p.service.BannerImageServiceTest   : Started BannerImageServiceTest in 28.926 seconds (process running for 33.218)
]]></system-out>
  <system-err><![CDATA[]]></system-err>
</testsuite>
